2026-01-30 16:07:36,370 - INFO - BEGIN (implicit)
2026-01-30 16:07:36,370 - INFO - PRAGMA main.table_info("user")
2026-01-30 16:07:36,370 - INFO - [raw sql] ()
2026-01-30 16:07:36,370 - INFO - PRAGMA main.table_info("directoryconfig")
2026-01-30 16:07:36,370 - INFO - [raw sql] ()
2026-01-30 16:07:36,370 - INFO - PRAGMA main.table_info("filerecord")
2026-01-30 16:07:36,370 - INFO - [raw sql] ()
2026-01-30 16:07:36,371 - INFO - COMMIT
2026-01-30 16:07:36,371 - INFO - BEGIN (implicit)
2026-01-30 16:07:36,372 - INFO - SELECT user.id, user.username, user.hashed_password, user.is_active 
FROM user 
WHERE user.username = ?
2026-01-30 16:07:36,372 - INFO - [generated in 0.00006s] ('admin',)
2026-01-30 16:07:36,372 - INFO - ROLLBACK
2026-01-30 16:07:38,308 - INFO - BEGIN (implicit)
2026-01-30 16:07:38,308 - INFO - PRAGMA main.table_info("user")
2026-01-30 16:07:38,308 - INFO - [raw sql] ()
2026-01-30 16:07:38,308 - INFO - PRAGMA main.table_info("directoryconfig")
2026-01-30 16:07:38,309 - INFO - [raw sql] ()
2026-01-30 16:07:38,309 - INFO - PRAGMA main.table_info("filerecord")
2026-01-30 16:07:38,309 - INFO - [raw sql] ()
2026-01-30 16:07:38,309 - INFO - COMMIT
2026-01-30 16:07:38,309 - INFO - BEGIN (implicit)
2026-01-30 16:07:38,310 - INFO - SELECT user.id, user.username, user.hashed_password, user.is_active 
FROM user 
WHERE user.username = ?
2026-01-30 16:07:38,310 - INFO - [generated in 0.00006s] ('admin',)
2026-01-30 16:07:38,310 - INFO - ROLLBACK
2026-01-30 16:07:40,423 - INFO - BEGIN (implicit)
2026-01-30 16:07:40,423 - INFO - PRAGMA main.table_info("user")
2026-01-30 16:07:40,423 - INFO - [raw sql] ()
2026-01-30 16:07:40,423 - INFO - PRAGMA main.table_info("directoryconfig")
2026-01-30 16:07:40,423 - INFO - [raw sql] ()
2026-01-30 16:07:40,423 - INFO - PRAGMA main.table_info("filerecord")
2026-01-30 16:07:40,423 - INFO - [raw sql] ()
2026-01-30 16:07:40,423 - INFO - COMMIT
2026-01-30 16:07:40,424 - INFO - BEGIN (implicit)
2026-01-30 16:07:40,425 - INFO - SELECT user.id, user.username, user.hashed_password, user.is_active 
FROM user 
WHERE user.username = ?
2026-01-30 16:07:40,425 - INFO - [generated in 0.00010s] ('admin',)
2026-01-30 16:07:40,425 - INFO - ROLLBACK
2026-01-30 16:07:42,362 - INFO - BEGIN (implicit)
2026-01-30 16:07:42,363 - INFO - PRAGMA main.table_info("user")
2026-01-30 16:07:42,363 - INFO - [raw sql] ()
2026-01-30 16:07:42,363 - INFO - PRAGMA main.table_info("directoryconfig")
2026-01-30 16:07:42,363 - INFO - [raw sql] ()
2026-01-30 16:07:42,363 - INFO - PRAGMA main.table_info("filerecord")
2026-01-30 16:07:42,363 - INFO - [raw sql] ()
2026-01-30 16:07:42,363 - INFO - COMMIT
2026-01-30 16:07:42,363 - INFO - BEGIN (implicit)
2026-01-30 16:07:42,365 - INFO - SELECT user.id, user.username, user.hashed_password, user.is_active 
FROM user 
WHERE user.username = ?
2026-01-30 16:07:42,365 - INFO - [generated in 0.00007s] ('admin',)
2026-01-30 16:07:42,365 - INFO - ROLLBACK
2026-01-30 16:09:21,121 - INFO - BEGIN (implicit)
2026-01-30 16:09:21,121 - INFO - PRAGMA main.table_info("user")
2026-01-30 16:09:21,121 - INFO - [raw sql] ()
2026-01-30 16:09:21,121 - INFO - PRAGMA main.table_info("directoryconfig")
2026-01-30 16:09:21,121 - INFO - [raw sql] ()
2026-01-30 16:09:21,121 - INFO - PRAGMA main.table_info("filerecord")
2026-01-30 16:09:21,121 - INFO - [raw sql] ()
2026-01-30 16:09:21,122 - INFO - COMMIT
2026-01-30 16:09:21,122 - INFO - BEGIN (implicit)
2026-01-30 16:09:21,123 - INFO - SELECT user.id, user.username, user.hashed_password, user.is_active 
FROM user 
WHERE user.username = ?
2026-01-30 16:09:21,123 - INFO - [generated in 0.00007s] ('admin',)
2026-01-30 16:09:21,123 - INFO - ROLLBACK
2026-01-30 16:17:30,007 - INFO - BEGIN (implicit)
2026-01-30 16:17:30,007 - INFO - PRAGMA main.table_info("user")
2026-01-30 16:17:30,007 - INFO - [raw sql] ()
2026-01-30 16:17:30,007 - INFO - PRAGMA main.table_info("directoryconfig")
2026-01-30 16:17:30,007 - INFO - [raw sql] ()
2026-01-30 16:17:30,008 - INFO - PRAGMA main.table_info("filerecord")
2026-01-30 16:17:30,008 - INFO - [raw sql] ()
2026-01-30 16:17:30,008 - INFO - COMMIT
2026-01-30 16:17:30,008 - INFO - BEGIN (implicit)
2026-01-30 16:17:30,009 - INFO - SELECT user.id, user.username, user.hashed_password, user.is_active 
FROM user 
WHERE user.username = ?
2026-01-30 16:17:30,009 - INFO - [generated in 0.00006s] ('admin',)
2026-01-30 16:17:30,009 - INFO - ROLLBACK
2026-01-30 16:18:30,836 - INFO - BEGIN (implicit)
2026-01-30 16:18:30,836 - INFO - PRAGMA main.table_info("user")
2026-01-30 16:18:30,836 - INFO - [raw sql] ()
2026-01-30 16:18:30,837 - INFO - PRAGMA main.table_info("directoryconfig")
2026-01-30 16:18:30,837 - INFO - [raw sql] ()
2026-01-30 16:18:30,837 - INFO - PRAGMA main.table_info("filerecord")
2026-01-30 16:18:30,837 - INFO - [raw sql] ()
2026-01-30 16:18:30,837 - INFO - PRAGMA main.table_info("deletionlog")
2026-01-30 16:18:30,837 - INFO - [raw sql] ()
2026-01-30 16:18:30,837 - INFO - PRAGMA temp.table_info("deletionlog")
2026-01-30 16:18:30,837 - INFO - [raw sql] ()
2026-01-30 16:18:30,837 - INFO - PRAGMA main.table_info("deletionlogitem")
2026-01-30 16:18:30,837 - INFO - [raw sql] ()
2026-01-30 16:18:30,837 - INFO - PRAGMA temp.table_info("deletionlogitem")
2026-01-30 16:18:30,837 - INFO - [raw sql] ()
2026-01-30 16:18:30,837 - INFO - 
CREATE TABLE deletionlog (
	id INTEGER NOT NULL, 
	user_id INTEGER NOT NULL, 
	username VARCHAR NOT NULL, 
	action_type VARCHAR NOT NULL, 
	target_path VARCHAR, 
	file_count INTEGER NOT NULL, 
	timestamp DATETIME NOT NULL, 
	PRIMARY KEY (id), 
	FOREIGN KEY(user_id) REFERENCES user (id)
)


2026-01-30 16:18:30,837 - INFO - [no key 0.00003s] ()
2026-01-30 16:18:30,838 - INFO - 
CREATE TABLE deletionlogitem (
	id INTEGER NOT NULL, 
	deletion_log_id INTEGER NOT NULL, 
	filename VARCHAR NOT NULL, 
	full_path VARCHAR NOT NULL, 
	size_bytes INTEGER NOT NULL, 
	PRIMARY KEY (id), 
	FOREIGN KEY(deletion_log_id) REFERENCES deletionlog (id)
)


2026-01-30 16:18:30,838 - INFO - [no key 0.00005s] ()
2026-01-30 16:18:30,838 - INFO - COMMIT
2026-01-30 16:18:30,839 - INFO - BEGIN (implicit)
2026-01-30 16:18:30,840 - INFO - SELECT user.id, user.username, user.hashed_password, user.is_active 
FROM user 
WHERE user.username = ?
2026-01-30 16:18:30,840 - INFO - [generated in 0.00007s] ('admin',)
2026-01-30 16:18:30,840 - INFO - ROLLBACK
2026-01-30 16:18:38,020 - INFO - BEGIN (implicit)
2026-01-30 16:18:38,020 - INFO - PRAGMA main.table_info("user")
2026-01-30 16:18:38,020 - INFO - [raw sql] ()
2026-01-30 16:18:38,020 - INFO - PRAGMA main.table_info("directoryconfig")
2026-01-30 16:18:38,020 - INFO - [raw sql] ()
2026-01-30 16:18:38,020 - INFO - PRAGMA main.table_info("filerecord")
2026-01-30 16:18:38,020 - INFO - [raw sql] ()
2026-01-30 16:18:38,020 - INFO - PRAGMA main.table_info("deletionlog")
2026-01-30 16:18:38,020 - INFO - [raw sql] ()
2026-01-30 16:18:38,020 - INFO - PRAGMA main.table_info("deletionlogitem")
2026-01-30 16:18:38,020 - INFO - [raw sql] ()
2026-01-30 16:18:38,020 - INFO - COMMIT
2026-01-30 16:18:38,021 - INFO - BEGIN (implicit)
2026-01-30 16:18:38,022 - INFO - SELECT user.id, user.username, user.hashed_password, user.is_active 
FROM user 
WHERE user.username = ?
2026-01-30 16:18:38,022 - INFO - [generated in 0.00007s] ('admin',)
2026-01-30 16:18:38,022 - INFO - ROLLBACK
2026-01-30 16:18:41,970 - INFO - BEGIN (implicit)
2026-01-30 16:18:41,971 - INFO - PRAGMA main.table_info("user")
2026-01-30 16:18:41,971 - INFO - [raw sql] ()
2026-01-30 16:18:41,971 - INFO - PRAGMA main.table_info("directoryconfig")
2026-01-30 16:18:41,971 - INFO - [raw sql] ()
2026-01-30 16:18:41,971 - INFO - PRAGMA main.table_info("filerecord")
2026-01-30 16:18:41,971 - INFO - [raw sql] ()
2026-01-30 16:18:41,971 - INFO - PRAGMA main.table_info("deletionlog")
2026-01-30 16:18:41,971 - INFO - [raw sql] ()
2026-01-30 16:18:41,971 - INFO - PRAGMA main.table_info("deletionlogitem")
2026-01-30 16:18:41,971 - INFO - [raw sql] ()
2026-01-30 16:18:41,971 - INFO - COMMIT
2026-01-30 16:18:41,971 - INFO - BEGIN (implicit)
2026-01-30 16:18:41,973 - INFO - SELECT user.id, user.username, user.hashed_password, user.is_active 
FROM user 
WHERE user.username = ?
2026-01-30 16:18:41,973 - INFO - [generated in 0.00006s] ('admin',)
2026-01-30 16:18:41,973 - INFO - ROLLBACK
2026-01-30 16:18:58,640 - INFO - BEGIN (implicit)
2026-01-30 16:18:58,640 - INFO - PRAGMA main.table_info("user")
2026-01-30 16:18:58,641 - INFO - [raw sql] ()
2026-01-30 16:18:58,641 - INFO - PRAGMA main.table_info("directoryconfig")
2026-01-30 16:18:58,641 - INFO - [raw sql] ()
2026-01-30 16:18:58,641 - INFO - PRAGMA main.table_info("filerecord")
2026-01-30 16:18:58,641 - INFO - [raw sql] ()
2026-01-30 16:18:58,641 - INFO - PRAGMA main.table_info("deletionlog")
2026-01-30 16:18:58,641 - INFO - [raw sql] ()
2026-01-30 16:18:58,641 - INFO - PRAGMA main.table_info("deletionlogitem")
2026-01-30 16:18:58,641 - INFO - [raw sql] ()
2026-01-30 16:18:58,641 - INFO - COMMIT
2026-01-30 16:18:58,641 - INFO - BEGIN (implicit)
2026-01-30 16:18:58,643 - INFO - SELECT user.id, user.username, user.hashed_password, user.is_active 
FROM user 
WHERE user.username = ?
2026-01-30 16:18:58,643 - INFO - [generated in 0.00007s] ('admin',)
2026-01-30 16:18:58,643 - INFO - ROLLBACK
2026-01-30 16:19:00,552 - INFO - BEGIN (implicit)
2026-01-30 16:19:00,552 - INFO - PRAGMA main.table_info("user")
2026-01-30 16:19:00,552 - INFO - [raw sql] ()
2026-01-30 16:19:00,552 - INFO - PRAGMA main.table_info("directoryconfig")
2026-01-30 16:19:00,552 - INFO - [raw sql] ()
2026-01-30 16:19:00,552 - INFO - PRAGMA main.table_info("filerecord")
2026-01-30 16:19:00,552 - INFO - [raw sql] ()
2026-01-30 16:19:00,552 - INFO - PRAGMA main.table_info("deletionlog")
2026-01-30 16:19:00,552 - INFO - [raw sql] ()
2026-01-30 16:19:00,552 - INFO - PRAGMA main.table_info("deletionlogitem")
2026-01-30 16:19:00,552 - INFO - [raw sql] ()
2026-01-30 16:19:00,552 - INFO - COMMIT
2026-01-30 16:19:00,553 - INFO - BEGIN (implicit)
2026-01-30 16:19:00,554 - INFO - SELECT user.id, user.username, user.hashed_password, user.is_active 
FROM user 
WHERE user.username = ?
2026-01-30 16:19:00,554 - INFO - [generated in 0.00007s] ('admin',)
2026-01-30 16:19:00,554 - INFO - ROLLBACK
2026-01-30 16:27:55,218 - INFO - BEGIN (implicit)
2026-01-30 16:27:55,218 - INFO - PRAGMA main.table_info("user")
2026-01-30 16:27:55,218 - INFO - [raw sql] ()
2026-01-30 16:27:55,218 - INFO - PRAGMA main.table_info("directoryconfig")
2026-01-30 16:27:55,218 - INFO - [raw sql] ()
2026-01-30 16:27:55,218 - INFO - PRAGMA main.table_info("filerecord")
2026-01-30 16:27:55,218 - INFO - [raw sql] ()
2026-01-30 16:27:55,218 - INFO - PRAGMA main.table_info("deletionlog")
2026-01-30 16:27:55,218 - INFO - [raw sql] ()
2026-01-30 16:27:55,218 - INFO - PRAGMA main.table_info("deletionlogitem")
2026-01-30 16:27:55,218 - INFO - [raw sql] ()
2026-01-30 16:27:55,218 - INFO - COMMIT
2026-01-30 16:27:55,219 - INFO - BEGIN (implicit)
2026-01-30 16:27:55,220 - INFO - SELECT user.id, user.username, user.hashed_password, user.is_active 
FROM user 
WHERE user.username = ?
2026-01-30 16:27:55,220 - INFO - [generated in 0.00007s] ('admin',)
2026-01-30 16:27:55,220 - INFO - ROLLBACK
2026-01-30 16:29:55,833 - INFO - BEGIN (implicit)
2026-01-30 16:29:55,833 - INFO - PRAGMA main.table_info("user")
2026-01-30 16:29:55,833 - INFO - [raw sql] ()
2026-01-30 16:29:55,833 - INFO - PRAGMA main.table_info("directoryconfig")
2026-01-30 16:29:55,833 - INFO - [raw sql] ()
2026-01-30 16:29:55,833 - INFO - PRAGMA main.table_info("filerecord")
2026-01-30 16:29:55,833 - INFO - [raw sql] ()
2026-01-30 16:29:55,833 - INFO - PRAGMA main.table_info("deletionlog")
2026-01-30 16:29:55,833 - INFO - [raw sql] ()
2026-01-30 16:29:55,833 - INFO - PRAGMA main.table_info("deletionlogitem")
2026-01-30 16:29:55,833 - INFO - [raw sql] ()
2026-01-30 16:29:55,834 - INFO - COMMIT
2026-01-30 16:29:55,834 - INFO - BEGIN (implicit)
2026-01-30 16:29:55,835 - INFO - SELECT user.id, user.username, user.hashed_password, user.is_active 
FROM user 
WHERE user.username = ?
2026-01-30 16:29:55,835 - INFO - [generated in 0.00006s] ('admin',)
2026-01-30 16:29:55,835 - INFO - ROLLBACK
